{"uuid":"57ac676e-d1d8-48ca-89f9-636d8ed1014b","historyId":"ad9efc30a2b9027c4179d554e201c553","fullName":"employee.User_02_Employee_Edit_PersonalDetails.Edit_07_Employee_AddAttachments","labels":[{"name":"package","value":"employee.User_02_Employee_Edit_PersonalDetails"},{"name":"testClass","value":"employee.User_02_Employee_Edit_PersonalDetails"},{"name":"testMethod","value":"Edit_07_Employee_AddAttachments"},{"name":"parentSuite","value":"Admin- Login Test Suite"},{"name":"suite","value":"Run on chrome"},{"name":"subSuite","value":"employee.User_02_Employee_Edit_PersonalDetails"},{"name":"host","value":"PF3M7BVE"},{"name":"thread","value":"23300@PF3M7BVE.main(1)"},{"name":"framework","value":"testng"},{"name":"language","value":"java"},{"name":"severity","value":"critical"}],"links":[],"name":"Edit_07_Employee_AddAttachments","status":"broken","statusDetails":{"known":false,"muted":false,"flaky":false,"message":"Expected condition failed: waiting for visibility of element located by By.xpath: //div[text()='Date Added']//ancestor::div[@class='oxd-table-header']//following-sibling::div[@class='oxd-table-body']//div[contains(text(),'2025-13-08')] (tried for 30 second(s) with 500 milliseconds interval)\nBuild info: version: '4.29.0', revision: '5fc1ec94cb'\nSystem info: os.name: 'Windows 11', os.arch: 'amd64', os.version: '10.0', java.version: '23.0.1'\nDriver info: org.openqa.selenium.chrome.ChromeDriver\nCapabilities {acceptInsecureCerts: false, browserName: chrome, browserVersion: 139.0.7258.128, chrome: {chromedriverVersion: 139.0.7258.68 (40ff94600b6e..., userDataDir: C:\\Users\\httk\\AppData\\Local...}, fedcm:accounts: true, goog:chromeOptions: {debuggerAddress: localhost:55863}, networkConnectionEnabled: false, pageLoadStrategy: normal, platformName: windows, proxy: Proxy(), se:cdp: ws://localhost:55863/devtoo..., se:cdpVersion: 139.0.7258.128, setWindowRect: true, strictFileInteractability: false, timeouts: {implicit: 0, pageLoad: 300000, script: 30000}, unhandledPromptBehavior: dismiss and notify, webauthn:extension:credBlob: true, webauthn:extension:largeBlob: true, webauthn:extension:minPinLength: true, webauthn:extension:prf: true, webauthn:virtualAuthenticators: true}\nSession ID: 6403bae06cfca30f32c9b7b28353410c","trace":"org.openqa.selenium.TimeoutException: Expected condition failed: waiting for visibility of element located by By.xpath: //div[text()='Date Added']//ancestor::div[@class='oxd-table-header']//following-sibling::div[@class='oxd-table-body']//div[contains(text(),'2025-13-08')] (tried for 30 second(s) with 500 milliseconds interval)\nBuild info: version: '4.29.0', revision: '5fc1ec94cb'\nSystem info: os.name: 'Windows 11', os.arch: 'amd64', os.version: '10.0', java.version: '23.0.1'\nDriver info: org.openqa.selenium.chrome.ChromeDriver\nCapabilities {acceptInsecureCerts: false, browserName: chrome, browserVersion: 139.0.7258.128, chrome: {chromedriverVersion: 139.0.7258.68 (40ff94600b6e..., userDataDir: C:\\Users\\httk\\AppData\\Local...}, fedcm:accounts: true, goog:chromeOptions: {debuggerAddress: localhost:55863}, networkConnectionEnabled: false, pageLoadStrategy: normal, platformName: windows, proxy: Proxy(), se:cdp: ws://localhost:55863/devtoo..., se:cdpVersion: 139.0.7258.128, setWindowRect: true, strictFileInteractability: false, timeouts: {implicit: 0, pageLoad: 300000, script: 30000}, unhandledPromptBehavior: dismiss and notify, webauthn:extension:credBlob: true, webauthn:extension:largeBlob: true, webauthn:extension:minPinLength: true, webauthn:extension:prf: true, webauthn:virtualAuthenticators: true}\nSession ID: 6403bae06cfca30f32c9b7b28353410c\r\n\tat org.openqa.selenium.support.ui.WebDriverWait.timeoutException(WebDriverWait.java:84)\r\n\tat org.openqa.selenium.support.ui.FluentWait.until(FluentWait.java:228)\r\n\tat commons.BasePage.waitElementVisible(BasePage.java:397)\r\n\tat commons.BasePage.getFileDescriptionByFieldAndByText(BasePage.java:732)\r\n\tat employee.User_02_Employee_Edit_PersonalDetails.Edit_07_Employee_AddAttachments(User_02_Employee_Edit_PersonalDetails.java:228)\r\n\tat java.base/jdk.internal.reflect.DirectMethodHandleAccessor.invoke(DirectMethodHandleAccessor.java:103)\r\n\tat java.base/java.lang.reflect.Method.invoke(Method.java:580)\r\n\tat org.testng.internal.invokers.MethodInvocationHelper.invokeMethod(MethodInvocationHelper.java:141)\r\n\tat org.testng.internal.invokers.TestInvoker.invokeMethod(TestInvoker.java:687)\r\n\tat org.testng.internal.invokers.TestInvoker.invokeTestMethod(TestInvoker.java:230)\r\n\tat org.testng.internal.invokers.MethodRunner.runInSequence(MethodRunner.java:63)\r\n\tat org.testng.internal.invokers.TestInvoker$MethodInvocationAgent.invoke(TestInvoker.java:995)\r\n\tat org.testng.internal.invokers.TestInvoker.invokeTestMethods(TestInvoker.java:203)\r\n\tat org.testng.internal.invokers.TestMethodWorker.invokeTestMethods(TestMethodWorker.java:154)\r\n\tat org.testng.internal.invokers.TestMethodWorker.run(TestMethodWorker.java:134)\r\n\tat java.base/java.util.ArrayList.forEach(ArrayList.java:1597)\r\n\tat org.testng.TestRunner.privateRun(TestRunner.java:741)\r\n\tat org.testng.TestRunner.run(TestRunner.java:616)\r\n\tat org.testng.SuiteRunner.runTest(SuiteRunner.java:421)\r\n\tat org.testng.SuiteRunner.runSequentially(SuiteRunner.java:413)\r\n\tat org.testng.SuiteRunner.privateRun(SuiteRunner.java:373)\r\n\tat org.testng.SuiteRunner.run(SuiteRunner.java:312)\r\n\tat org.testng.SuiteRunnerWorker.runSuite(SuiteRunnerWorker.java:52)\r\n\tat org.testng.SuiteRunnerWorker.run(SuiteRunnerWorker.java:95)\r\n\tat org.testng.TestNG.runSuitesSequentially(TestNG.java:1274)\r\n\tat org.testng.TestNG.runSuitesLocally(TestNG.java:1208)\r\n\tat org.testng.TestNG.runSuites(TestNG.java:1112)\r\n\tat org.testng.TestNG.run(TestNG.java:1079)\r\n\tat com.intellij.rt.testng.IDEARemoteTestNG.run(IDEARemoteTestNG.java:65)\r\n\tat com.intellij.rt.testng.RemoteTestNGStarter.main(RemoteTestNGStarter.java:105)\r\n"},"stage":"finished","description":"Verify employee can add attachment","steps":[{"name":"Upload the attachment with the file name is 'FileLessThan1MB.jpeg'","status":"passed","stage":"finished","steps":[],"attachments":[],"parameters":[{"name":"driver","value":"ChromeDriver: chrome on windows (6403bae06cfca30f32c9b7b28353410c)"},{"name":"fileName","value":"FileLessThan1MB.jpeg"}],"start":1755060258364,"stop":1755060258407},{"name":"Input the value 'Omnis non delectus quia in facere quo.\nFugiat sit saepe qui mollitia architecto consectetur.' to the Comment text box of the attachment","status":"passed","stage":"finished","steps":[],"attachments":[],"parameters":[{"name":"driver","value":"ChromeDriver: chrome on windows (6403bae06cfca30f32c9b7b28353410c)"},{"name":"value","value":"Omnis non delectus quia in facere quo.\nFugiat sit saepe qui mollitia architecto consectetur."}],"start":1755060258408,"stop":1755060260646},{"name":"In the header 'Add Attachment', click on the 'Save' button","status":"passed","stage":"finished","steps":[],"attachments":[],"parameters":[{"name":"driver","value":"ChromeDriver: chrome on windows (6403bae06cfca30f32c9b7b28353410c)"},{"name":"header","value":"Add Attachment"},{"name":"buttonText","value":"Save"}],"start":1755060260646,"stop":1755060260731},{"name":"Check whether the success pop up show","status":"passed","stage":"finished","steps":[],"attachments":[],"parameters":[{"name":"driver","value":"ChromeDriver: chrome on windows (6403bae06cfca30f32c9b7b28353410c)"}],"start":1755060260732,"stop":1755060260769},{"name":"Get the description of the uploaded attachment in the field'File Name' with the value 'FileLessThan1MB.jpeg'","status":"passed","stage":"finished","steps":[],"attachments":[],"parameters":[{"name":"driver","value":"ChromeDriver: chrome on windows (6403bae06cfca30f32c9b7b28353410c)"},{"name":"fieldName","value":"File Name"},{"name":"text","value":"FileLessThan1MB.jpeg"}],"start":1755060260770,"stop":1755060264538},{"name":"Get the description of the uploaded attachment in the field'Description' with the value 'Omnis non delectus quia in facere quo.'","status":"passed","stage":"finished","steps":[],"attachments":[],"parameters":[{"name":"driver","value":"ChromeDriver: chrome on windows (6403bae06cfca30f32c9b7b28353410c)"},{"name":"fieldName","value":"Description"},{"name":"text","value":"Omnis non delectus quia in facere quo."}],"start":1755060264539,"stop":1755060264567},{"name":"Get the description of the uploaded attachment in the field'Date Added' with the value '2025-13-08'","status":"broken","statusDetails":{"known":false,"muted":false,"flaky":false,"message":"Expected condition failed: waiting for visibility of element located by By.xpath: //div[text()='Date Added']//ancestor::div[@class='oxd-table-header']//following-sibling::div[@class='oxd-table-body']//div[contains(text(),'2025-13-08')] (tried for 30 second(s) with 500 milliseconds interval)\nBuild info: version: '4.29.0', revision: '5fc1ec94cb'\nSystem info: os.name: 'Windows 11', os.arch: 'amd64', os.version: '10.0', java.version: '23.0.1'\nDriver info: org.openqa.selenium.chrome.ChromeDriver\nCapabilities {acceptInsecureCerts: false, browserName: chrome, browserVersion: 139.0.7258.128, chrome: {chromedriverVersion: 139.0.7258.68 (40ff94600b6e..., userDataDir: C:\\Users\\httk\\AppData\\Local...}, fedcm:accounts: true, goog:chromeOptions: {debuggerAddress: localhost:55863}, networkConnectionEnabled: false, pageLoadStrategy: normal, platformName: windows, proxy: Proxy(), se:cdp: ws://localhost:55863/devtoo..., se:cdpVersion: 139.0.7258.128, setWindowRect: true, strictFileInteractability: false, timeouts: {implicit: 0, pageLoad: 300000, script: 30000}, unhandledPromptBehavior: dismiss and notify, webauthn:extension:credBlob: true, webauthn:extension:largeBlob: true, webauthn:extension:minPinLength: true, webauthn:extension:prf: true, webauthn:virtualAuthenticators: true}\nSession ID: 6403bae06cfca30f32c9b7b28353410c","trace":"org.openqa.selenium.TimeoutException: Expected condition failed: waiting for visibility of element located by By.xpath: //div[text()='Date Added']//ancestor::div[@class='oxd-table-header']//following-sibling::div[@class='oxd-table-body']//div[contains(text(),'2025-13-08')] (tried for 30 second(s) with 500 milliseconds interval)\nBuild info: version: '4.29.0', revision: '5fc1ec94cb'\nSystem info: os.name: 'Windows 11', os.arch: 'amd64', os.version: '10.0', java.version: '23.0.1'\nDriver info: org.openqa.selenium.chrome.ChromeDriver\nCapabilities {acceptInsecureCerts: false, browserName: chrome, browserVersion: 139.0.7258.128, chrome: {chromedriverVersion: 139.0.7258.68 (40ff94600b6e..., userDataDir: C:\\Users\\httk\\AppData\\Local...}, fedcm:accounts: true, goog:chromeOptions: {debuggerAddress: localhost:55863}, networkConnectionEnabled: false, pageLoadStrategy: normal, platformName: windows, proxy: Proxy(), se:cdp: ws://localhost:55863/devtoo..., se:cdpVersion: 139.0.7258.128, setWindowRect: true, strictFileInteractability: false, timeouts: {implicit: 0, pageLoad: 300000, script: 30000}, unhandledPromptBehavior: dismiss and notify, webauthn:extension:credBlob: true, webauthn:extension:largeBlob: true, webauthn:extension:minPinLength: true, webauthn:extension:prf: true, webauthn:virtualAuthenticators: true}\nSession ID: 6403bae06cfca30f32c9b7b28353410c\r\n\tat org.openqa.selenium.support.ui.WebDriverWait.timeoutException(WebDriverWait.java:84)\r\n\tat org.openqa.selenium.support.ui.FluentWait.until(FluentWait.java:228)\r\n\tat commons.BasePage.waitElementVisible(BasePage.java:397)\r\n\tat commons.BasePage.getFileDescriptionByFieldAndByText(BasePage.java:732)\r\n\tat employee.User_02_Employee_Edit_PersonalDetails.Edit_07_Employee_AddAttachments(User_02_Employee_Edit_PersonalDetails.java:228)\r\n\tat java.base/jdk.internal.reflect.DirectMethodHandleAccessor.invoke(DirectMethodHandleAccessor.java:103)\r\n\tat java.base/java.lang.reflect.Method.invoke(Method.java:580)\r\n\tat org.testng.internal.invokers.MethodInvocationHelper.invokeMethod(MethodInvocationHelper.java:141)\r\n\tat org.testng.internal.invokers.TestInvoker.invokeMethod(TestInvoker.java:687)\r\n\tat org.testng.internal.invokers.TestInvoker.invokeTestMethod(TestInvoker.java:230)\r\n\tat org.testng.internal.invokers.MethodRunner.runInSequence(MethodRunner.java:63)\r\n\tat org.testng.internal.invokers.TestInvoker$MethodInvocationAgent.invoke(TestInvoker.java:995)\r\n\tat org.testng.internal.invokers.TestInvoker.invokeTestMethods(TestInvoker.java:203)\r\n\tat org.testng.internal.invokers.TestMethodWorker.invokeTestMethods(TestMethodWorker.java:154)\r\n\tat org.testng.internal.invokers.TestMethodWorker.run(TestMethodWorker.java:134)\r\n\tat java.base/java.util.ArrayList.forEach(ArrayList.java:1597)\r\n\tat org.testng.TestRunner.privateRun(TestRunner.java:741)\r\n\tat org.testng.TestRunner.run(TestRunner.java:616)\r\n\tat org.testng.SuiteRunner.runTest(SuiteRunner.java:421)\r\n\tat org.testng.SuiteRunner.runSequentially(SuiteRunner.java:413)\r\n\tat org.testng.SuiteRunner.privateRun(SuiteRunner.java:373)\r\n\tat org.testng.SuiteRunner.run(SuiteRunner.java:312)\r\n\tat org.testng.SuiteRunnerWorker.runSuite(SuiteRunnerWorker.java:52)\r\n\tat org.testng.SuiteRunnerWorker.run(SuiteRunnerWorker.java:95)\r\n\tat org.testng.TestNG.runSuitesSequentially(TestNG.java:1274)\r\n\tat org.testng.TestNG.runSuitesLocally(TestNG.java:1208)\r\n\tat org.testng.TestNG.runSuites(TestNG.java:1112)\r\n\tat org.testng.TestNG.run(TestNG.java:1079)\r\n\tat com.intellij.rt.testng.IDEARemoteTestNG.run(IDEARemoteTestNG.java:65)\r\n\tat com.intellij.rt.testng.RemoteTestNGStarter.main(RemoteTestNGStarter.java:105)\r\n"},"stage":"finished","steps":[],"attachments":[],"parameters":[{"name":"driver","value":"ChromeDriver: chrome on windows (6403bae06cfca30f32c9b7b28353410c)"},{"name":"fieldName","value":"Date Added"},{"name":"text","value":"2025-13-08"}],"start":1755060264567,"stop":1755060294639}],"attachments":[{"name":"Screenshot on failure","source":"c4df00b0-5e1a-4338-b86b-fee50ce38f88-attachment.png","type":"image/png"}],"parameters":[{"name":"environment","value":"test"},{"name":"browser","value":"chrome"}],"start":1755060258364,"stop":1755060294772}